This file contains any messages produced by compilers while
running configure, to aid debugging if configure makes a mistake.

It was created by ESPRESSO configure 6.6, which was
generated by GNU Autoconf 2.69.  Invocation command line was

  $ ./install/configure 

## --------- ##
## Platform. ##
## --------- ##

hostname = assam
uname -m = x86_64
uname -r = 5.4.0-4-amd64
uname -s = Linux
uname -v = #1 SMP Debian 5.4.19-1 (2020-02-13)

/usr/bin/uname -p = unknown
/bin/uname -X     = unknown

/bin/arch              = unknown
/usr/bin/arch -k       = unknown
/usr/convex/getsysinfo = unknown
/usr/bin/hostinfo      = unknown
/bin/machine           = unknown
/usr/bin/oslevel       = unknown
/bin/universe          = unknown

PATH: .
PATH: /home/matic/bin/mscripts/
PATH: /home/matic/bin/xcryden-1.6.0-bin-shared
PATH: /home/matic/bin/scila_bin/
PATH: /home/matic/local/bin/
PATH: /home/matic/bin/g09scripts/
PATH: /sbin/
PATH: /usr/local/sbin/
PATH: /usr/bin/
PATH: /usr/sbin
PATH: /home/matic/bin/
PATH: /home/matic/bin/pwscripts
PATH: /home/matic/scripts/
PATH: /home/matic/bin/fsystem_scripts/
PATH: /home/matic/bin/molaris/bin
PATH: /home/matic/bin/v2xsf/xsfconvert/bin/
PATH: /home/matic/bin/bader/
PATH: /home/matic/bin/xsf2vasp_scripts/
PATH: /home/matic/bin/xsf2_manipulator/
PATH: /home/matic/src/EnScan/
PATH: /home/matic/src/critic2/src/
PATH: /home/matic/src/qe-6.0/bin/
PATH: /usr/local/bin
PATH: /usr/bin
PATH: /bin
PATH: /usr/local/games
PATH: /usr/games


## ----------- ##
## Core tests. ##
## ----------- ##

configure:2266: checking build system type
configure:2280: result: x86_64-pc-linux-gnu
configure:2304: checking ARCH
configure:2355: result: x86_64
configure:2375: checking setting AR... 
configure:2381: result: ar
configure:2386: checking setting ARFLAGS... 
configure:2392: result: ruv
configure:2470: checking for gfortran
configure:2486: found /usr/bin//gfortran
configure:2497: result: gfortran
configure:2523: checking for Fortran compiler version
configure:2532: gfortran --version >&5
GNU Fortran (Debian 9.3.0-8) 9.3.0
Copyright (C) 2019 Free Software Foundation, Inc.
This is free software; see the source for copying conditions.  There is NO
warranty; not even for MERCHANTABILITY or FITNESS FOR A PARTICULAR PURPOSE.

configure:2543: $? = 0
configure:2532: gfortran -v >&5
Using built-in specs.
COLLECT_GCC=gfortran
COLLECT_LTO_WRAPPER=/usr/lib/gcc/x86_64-linux-gnu/9/lto-wrapper
OFFLOAD_TARGET_NAMES=nvptx-none:hsa
OFFLOAD_TARGET_DEFAULT=1
Target: x86_64-linux-gnu
Configured with: ../src/configure -v --with-pkgversion='Debian 9.3.0-8' --with-bugurl=file:///usr/share/doc/gcc-9/README.Bugs --enable-languages=c,ada,c++,go,brig,d,fortran,objc,obj-c++,gm2 --prefix=/usr --with-gcc-major-version-only --program-suffix=-9 --program-prefix=x86_64-linux-gnu- --enable-shared --enable-linker-build-id --libexecdir=/usr/lib --without-included-gettext --enable-threads=posix --libdir=/usr/lib --enable-nls --enable-bootstrap --enable-clocale=gnu --enable-libstdcxx-debug --enable-libstdcxx-time=yes --with-default-libstdcxx-abi=new --enable-gnu-unique-object --disable-vtable-verify --enable-plugin --enable-default-pie --with-system-zlib --with-target-system-zlib=auto --enable-objc-gc=auto --enable-multiarch --disable-werror --with-arch-32=i686 --with-abi=m64 --with-multilib-list=m32,m64,mx32 --enable-multilib --with-tune=generic --enable-offload-targets=nvptx-none,hsa --without-cuda-driver --enable-checking=release --build=x86_64-linux-gnu --host=x86_64-linux-gnu --target=x86_64-linux-gnu --with-build-config=bootstrap-lto-lean --enable-link-mutex
Thread model: posix
gcc version 9.3.0 (Debian 9.3.0-8) 
configure:2543: $? = 0
configure:2532: gfortran -V >&5
gfortran: error: unrecognized command line option '-V'
gfortran: fatal error: no input files
compilation terminated.
configure:2543: $? = 1
configure:2532: gfortran -qversion >&5
gfortran: error: unrecognized command line option '-qversion'; did you mean '--version'?
gfortran: fatal error: no input files
compilation terminated.
configure:2543: $? = 1
configure:2558: checking whether the Fortran compiler works
configure:2580: gfortran    conftest.f  >&5
configure:2584: $? = 0
configure:2632: result: yes
configure:2635: checking for Fortran compiler default output file name
configure:2637: result: a.out
configure:2643: checking for suffix of executables
configure:2650: gfortran -o conftest    conftest.f  >&5
configure:2654: $? = 0
configure:2676: result: 
configure:2692: checking whether we are cross compiling
configure:2700: gfortran -o conftest    conftest.f  >&5
configure:2704: $? = 0
configure:2711: ./conftest
configure:2715: $? = 0
configure:2703: result: no
configure:2708: checking for suffix of object files
configure:2724: gfortran -c   conftest.f >&5
configure:2728: $? = 0
configure:2749: result: o
configure:2757: checking whether we are using the GNU Fortran compiler
configure:2770: gfortran -c   conftest.F >&5
configure:2770: $? = 0
configure:2779: result: yes
configure:2785: checking whether gfortran accepts -g
configure:2796: gfortran -c -g  conftest.f >&5
configure:2796: $? = 0
configure:2804: result: yes
configure:2996: checking for mpiifort
configure:3026: result: no
configure:2996: checking for mpif90
configure:3012: found /usr/bin//mpif90
configure:3023: result: mpif90
configure:3049: checking for Fortran compiler version
configure:3058: mpif90 --version >&5
GNU Fortran (Debian 9.3.0-8) 9.3.0
Copyright (C) 2019 Free Software Foundation, Inc.
This is free software; see the source for copying conditions.  There is NO
warranty; not even for MERCHANTABILITY or FITNESS FOR A PARTICULAR PURPOSE.

configure:3069: $? = 0
configure:3058: mpif90 -v >&5
Using built-in specs.
COLLECT_GCC=/usr/bin//gfortran
COLLECT_LTO_WRAPPER=/usr/lib/gcc/x86_64-linux-gnu/9/lto-wrapper
OFFLOAD_TARGET_NAMES=nvptx-none:hsa
OFFLOAD_TARGET_DEFAULT=1
Target: x86_64-linux-gnu
Configured with: ../src/configure -v --with-pkgversion='Debian 9.3.0-8' --with-bugurl=file:///usr/share/doc/gcc-9/README.Bugs --enable-languages=c,ada,c++,go,brig,d,fortran,objc,obj-c++,gm2 --prefix=/usr --with-gcc-major-version-only --program-suffix=-9 --program-prefix=x86_64-linux-gnu- --enable-shared --enable-linker-build-id --libexecdir=/usr/lib --without-included-gettext --enable-threads=posix --libdir=/usr/lib --enable-nls --enable-bootstrap --enable-clocale=gnu --enable-libstdcxx-debug --enable-libstdcxx-time=yes --with-default-libstdcxx-abi=new --enable-gnu-unique-object --disable-vtable-verify --enable-plugin --enable-default-pie --with-system-zlib --with-target-system-zlib=auto --enable-objc-gc=auto --enable-multiarch --disable-werror --with-arch-32=i686 --with-abi=m64 --with-multilib-list=m32,m64,mx32 --enable-multilib --with-tune=generic --enable-offload-targets=nvptx-none,hsa --without-cuda-driver --enable-checking=release --build=x86_64-linux-gnu --host=x86_64-linux-gnu --target=x86_64-linux-gnu --with-build-config=bootstrap-lto-lean --enable-link-mutex
Thread model: posix
gcc version 9.3.0 (Debian 9.3.0-8) 
configure:3069: $? = 0
configure:3058: mpif90 -V >&5
gfortran: error: unrecognized command line option '-V'
gfortran: fatal error: no input files
compilation terminated.
configure:3069: $? = 1
configure:3058: mpif90 -qversion >&5
gfortran: error: unrecognized command line option '-qversion'; did you mean '--version'?
gfortran: fatal error: no input files
compilation terminated.
configure:3069: $? = 1
configure:3078: checking whether we are using the GNU Fortran compiler
configure:3091: mpif90 -c -g -O2  conftest.F >&5
configure:3091: $? = 0
configure:3100: result: yes
configure:3106: checking whether mpif90 accepts -g
configure:3117: mpif90 -c -g  conftest.f >&5
configure:3117: $? = 0
configure:3125: result: yes
configure:3235: checking for Fortran flag to compile .f90 files
configure:3255: mpif90 -c -g -O2  conftest.f90 >&5
configure:3255: $? = 0
configure:3264: result: none
configure:3430: checking for cc
configure:3446: found /usr/bin//cc
configure:3457: result: cc
configure:3488: checking for C compiler version
configure:3497: cc --version >&5
cc (Debian 9.3.0-8) 9.3.0
Copyright (C) 2019 Free Software Foundation, Inc.
This is free software; see the source for copying conditions.  There is NO
warranty; not even for MERCHANTABILITY or FITNESS FOR A PARTICULAR PURPOSE.

configure:3508: $? = 0
configure:3497: cc -v >&5
Using built-in specs.
COLLECT_GCC=cc
COLLECT_LTO_WRAPPER=/usr/lib/gcc/x86_64-linux-gnu/9/lto-wrapper
OFFLOAD_TARGET_NAMES=nvptx-none:hsa
OFFLOAD_TARGET_DEFAULT=1
Target: x86_64-linux-gnu
Configured with: ../src/configure -v --with-pkgversion='Debian 9.3.0-8' --with-bugurl=file:///usr/share/doc/gcc-9/README.Bugs --enable-languages=c,ada,c++,go,brig,d,fortran,objc,obj-c++,gm2 --prefix=/usr --with-gcc-major-version-only --program-suffix=-9 --program-prefix=x86_64-linux-gnu- --enable-shared --enable-linker-build-id --libexecdir=/usr/lib --without-included-gettext --enable-threads=posix --libdir=/usr/lib --enable-nls --enable-bootstrap --enable-clocale=gnu --enable-libstdcxx-debug --enable-libstdcxx-time=yes --with-default-libstdcxx-abi=new --enable-gnu-unique-object --disable-vtable-verify --enable-plugin --enable-default-pie --with-system-zlib --with-target-system-zlib=auto --enable-objc-gc=auto --enable-multiarch --disable-werror --with-arch-32=i686 --with-abi=m64 --with-multilib-list=m32,m64,mx32 --enable-multilib --with-tune=generic --enable-offload-targets=nvptx-none,hsa --without-cuda-driver --enable-checking=release --build=x86_64-linux-gnu --host=x86_64-linux-gnu --target=x86_64-linux-gnu --with-build-config=bootstrap-lto-lean --enable-link-mutex
Thread model: posix
gcc version 9.3.0 (Debian 9.3.0-8) 
configure:3508: $? = 0
configure:3497: cc -V >&5
cc: error: unrecognized command line option '-V'
cc: fatal error: no input files
compilation terminated.
configure:3508: $? = 1
configure:3497: cc -qversion >&5
cc: error: unrecognized command line option '-qversion'; did you mean '--version'?
cc: fatal error: no input files
compilation terminated.
configure:3508: $? = 1
configure:3512: checking whether we are using the GNU C compiler
configure:3531: cc -c   conftest.c >&5
configure:3531: $? = 0
configure:3540: result: yes
configure:3549: checking whether cc accepts -g
configure:3569: cc -c -g  conftest.c >&5
configure:3569: $? = 0
configure:3610: result: yes
configure:3627: checking for cc option to accept ISO C89
configure:3690: cc  -c -g -O2  conftest.c >&5
configure:3690: $? = 0
configure:3703: result: none needed
configure:4738: checking whether make sets $(MAKE)
configure:4760: result: yes
configure:4900: checking for Fortran 77 compiler version
configure:4909: gfortran --version >&5
GNU Fortran (Debian 9.3.0-8) 9.3.0
Copyright (C) 2019 Free Software Foundation, Inc.
This is free software; see the source for copying conditions.  There is NO
warranty; not even for MERCHANTABILITY or FITNESS FOR A PARTICULAR PURPOSE.

configure:4920: $? = 0
configure:4909: gfortran -v >&5
Using built-in specs.
COLLECT_GCC=gfortran
COLLECT_LTO_WRAPPER=/usr/lib/gcc/x86_64-linux-gnu/9/lto-wrapper
OFFLOAD_TARGET_NAMES=nvptx-none:hsa
OFFLOAD_TARGET_DEFAULT=1
Target: x86_64-linux-gnu
Configured with: ../src/configure -v --with-pkgversion='Debian 9.3.0-8' --with-bugurl=file:///usr/share/doc/gcc-9/README.Bugs --enable-languages=c,ada,c++,go,brig,d,fortran,objc,obj-c++,gm2 --prefix=/usr --with-gcc-major-version-only --program-suffix=-9 --program-prefix=x86_64-linux-gnu- --enable-shared --enable-linker-build-id --libexecdir=/usr/lib --without-included-gettext --enable-threads=posix --libdir=/usr/lib --enable-nls --enable-bootstrap --enable-clocale=gnu --enable-libstdcxx-debug --enable-libstdcxx-time=yes --with-default-libstdcxx-abi=new --enable-gnu-unique-object --disable-vtable-verify --enable-plugin --enable-default-pie --with-system-zlib --with-target-system-zlib=auto --enable-objc-gc=auto --enable-multiarch --disable-werror --with-arch-32=i686 --with-abi=m64 --with-multilib-list=m32,m64,mx32 --enable-multilib --with-tune=generic --enable-offload-targets=nvptx-none,hsa --without-cuda-driver --enable-checking=release --build=x86_64-linux-gnu --host=x86_64-linux-gnu --target=x86_64-linux-gnu --with-build-config=bootstrap-lto-lean --enable-link-mutex
Thread model: posix
gcc version 9.3.0 (Debian 9.3.0-8) 
configure:4920: $? = 0
configure:4909: gfortran -V >&5
gfortran: error: unrecognized command line option '-V'
gfortran: fatal error: no input files
compilation terminated.
configure:4920: $? = 1
configure:4909: gfortran -qversion >&5
gfortran: error: unrecognized command line option '-qversion'; did you mean '--version'?
gfortran: fatal error: no input files
compilation terminated.
configure:4920: $? = 1
configure:4929: checking whether we are using the GNU Fortran 77 compiler
configure:4942: gfortran -c -O3 -g  -cpp conftest.F >&5
configure:4942: $? = 0
configure:4951: result: yes
configure:4957: checking whether gfortran accepts -g
configure:4968: gfortran -c -g conftest.f >&5
configure:4968: $? = 0
configure:4976: result: yes
configure:5100: checking for library containing dgemm
configure:5118: gfortran -o conftest -O3 -g  -cpp  -g   conftest.f  >&5
/usr/bin/ld: /tmp/ccMpKxzI.o: in function `main':
/home/matic/programming/ARTn-pluggin/q-e.fire/conftest.f:2: undefined reference to `dgemm_'
collect2: error: ld returned 1 exit status
configure:5118: $? = 1
configure: failed program was:
|       program main
|       call dgemm
|       end
configure:5118: gfortran -o conftest -O3 -g  -cpp  -g   conftest.f -lmkl_gf_lp64 -lmkl_sequential -lmkl_core   >&5
/usr/bin/ld: cannot find -lmkl_gf_lp64
/usr/bin/ld: cannot find -lmkl_sequential
/usr/bin/ld: cannot find -lmkl_core
collect2: error: ld returned 1 exit status
configure:5118: $? = 1
configure: failed program was:
|       program main
|       call dgemm
|       end
configure:5135: result: no
configure:5100: checking for library containing dgemm
configure:5118: gfortran -o conftest -O3 -g  -cpp  -g -L/opt/intel/mkl/lib/intel64 conftest.f  >&5
/usr/bin/ld: /tmp/ccwLA50P.o: in function `main':
/home/matic/programming/ARTn-pluggin/q-e.fire/conftest.f:2: undefined reference to `dgemm_'
collect2: error: ld returned 1 exit status
configure:5118: $? = 1
configure: failed program was:
|       program main
|       call dgemm
|       end
configure:5118: gfortran -o conftest -O3 -g  -cpp  -g -L/opt/intel/mkl/lib/intel64 conftest.f -lmkl_gf_lp64 -lmkl_sequential -lmkl_core   >&5
/usr/bin/ld: cannot find -lmkl_gf_lp64
/usr/bin/ld: cannot find -lmkl_sequential
/usr/bin/ld: cannot find -lmkl_core
collect2: error: ld returned 1 exit status
configure:5118: $? = 1
configure: failed program was:
|       program main
|       call dgemm
|       end
configure:5135: result: no
configure:5100: checking for library containing dgemm
configure:5118: gfortran -o conftest -O3 -g  -cpp  -g -L/home/matic/bin/xsf2_manipulator/ conftest.f  >&5
/usr/bin/ld: /tmp/ccLUPimY.o: in function `main':
/home/matic/programming/ARTn-pluggin/q-e.fire/conftest.f:2: undefined reference to `dgemm_'
collect2: error: ld returned 1 exit status
configure:5118: $? = 1
configure: failed program was:
|       program main
|       call dgemm
|       end
configure:5118: gfortran -o conftest -O3 -g  -cpp  -g -L/home/matic/bin/xsf2_manipulator/ conftest.f -lmkl_gf_lp64 -lmkl_sequential -lmkl_core   >&5
/usr/bin/ld: cannot find -lmkl_gf_lp64
/usr/bin/ld: cannot find -lmkl_sequential
/usr/bin/ld: cannot find -lmkl_core
collect2: error: ld returned 1 exit status
configure:5118: $? = 1
configure: failed program was:
|       program main
|       call dgemm
|       end
configure:5135: result: no
configure:5100: checking for library containing dgemm
configure:5118: gfortran -o conftest -O3 -g  -cpp  -g -L/home/matic/libs/lapac/lapack-3.7.0 conftest.f  >&5
/usr/bin/ld: /tmp/cclp32X2.o: in function `main':
/home/matic/programming/ARTn-pluggin/q-e.fire/conftest.f:2: undefined reference to `dgemm_'
collect2: error: ld returned 1 exit status
configure:5118: $? = 1
configure: failed program was:
|       program main
|       call dgemm
|       end
configure:5118: gfortran -o conftest -O3 -g  -cpp  -g -L/home/matic/libs/lapac/lapack-3.7.0 conftest.f -lmkl_gf_lp64 -lmkl_sequential -lmkl_core   >&5
/usr/bin/ld: cannot find -lmkl_gf_lp64
/usr/bin/ld: cannot find -lmkl_sequential
/usr/bin/ld: cannot find -lmkl_core
collect2: error: ld returned 1 exit status
configure:5118: $? = 1
configure: failed program was:
|       program main
|       call dgemm
|       end
configure:5135: result: no
configure:5746: checking for library containing dgemm
configure:5764: gfortran -o conftest -O3 -g  -cpp -g  conftest.f -latlas >&5
/usr/bin/ld: cannot find -latlas
collect2: error: ld returned 1 exit status
configure:5764: $? = 1
configure: failed program was:
|       program main
|       call dgemm
|       end
configure:5764: gfortran -o conftest -O3 -g  -cpp -g  conftest.f -lf77blas -lg2c -latlas >&5
/usr/bin/ld: cannot find -lf77blas
/usr/bin/ld: cannot find -lg2c
/usr/bin/ld: cannot find -latlas
collect2: error: ld returned 1 exit status
configure:5764: $? = 1
configure: failed program was:
|       program main
|       call dgemm
|       end
configure:5781: result: no
configure:5746: checking for library containing dgemm
configure:5764: gfortran -o conftest -O3 -g  -cpp -g -L/usr/local/lib conftest.f -latlas >&5
/usr/bin/ld: cannot find -latlas
collect2: error: ld returned 1 exit status
configure:5764: $? = 1
configure: failed program was:
|       program main
|       call dgemm
|       end
configure:5764: gfortran -o conftest -O3 -g  -cpp -g -L/usr/local/lib conftest.f -lf77blas -lg2c -latlas >&5
/usr/bin/ld: cannot find -lf77blas
/usr/bin/ld: cannot find -lg2c
/usr/bin/ld: cannot find -latlas
collect2: error: ld returned 1 exit status
configure:5764: $? = 1
configure: failed program was:
|       program main
|       call dgemm
|       end
configure:5781: result: no
configure:5746: checking for library containing dgemm
configure:5764: gfortran -o conftest -O3 -g  -cpp -g -L/home/matic/bin/xsf2_manipulator/ conftest.f -latlas >&5
/usr/bin/ld: cannot find -latlas
collect2: error: ld returned 1 exit status
configure:5764: $? = 1
configure: failed program was:
|       program main
|       call dgemm
|       end
configure:5764: gfortran -o conftest -O3 -g  -cpp -g -L/home/matic/bin/xsf2_manipulator/ conftest.f -lf77blas -lg2c -latlas >&5
/usr/bin/ld: cannot find -lf77blas
/usr/bin/ld: cannot find -lg2c
/usr/bin/ld: cannot find -latlas
collect2: error: ld returned 1 exit status
configure:5764: $? = 1
configure: failed program was:
|       program main
|       call dgemm
|       end
configure:5781: result: no
configure:5746: checking for library containing dgemm
configure:5764: gfortran -o conftest -O3 -g  -cpp -g -L/home/matic/libs/lapac/lapack-3.7.0 conftest.f -latlas >&5
/usr/bin/ld: cannot find -latlas
collect2: error: ld returned 1 exit status
configure:5764: $? = 1
configure: failed program was:
|       program main
|       call dgemm
|       end
configure:5764: gfortran -o conftest -O3 -g  -cpp -g -L/home/matic/libs/lapac/lapack-3.7.0 conftest.f -lf77blas -lg2c -latlas >&5
/usr/bin/ld: cannot find -lf77blas
/usr/bin/ld: cannot find -lg2c
/usr/bin/ld: cannot find -latlas
collect2: error: ld returned 1 exit status
configure:5764: $? = 1
configure: failed program was:
|       program main
|       call dgemm
|       end
configure:5781: result: no
configure:5813: checking for library containing dgemm
configure:5831: gfortran -o conftest -O3 -g  -cpp -g  conftest.f  >&5
/usr/bin/ld: /tmp/ccAEvg4F.o: in function `main':
/home/matic/programming/ARTn-pluggin/q-e.fire/conftest.f:2: undefined reference to `dgemm_'
collect2: error: ld returned 1 exit status
configure:5831: $? = 1
configure: failed program was:
|       program main
|       call dgemm
|       end
configure:5831: gfortran -o conftest -O3 -g  -cpp -g  conftest.f -lblas-3   >&5
/usr/bin/ld: cannot find -lblas-3
collect2: error: ld returned 1 exit status
configure:5831: $? = 1
configure: failed program was:
|       program main
|       call dgemm
|       end
configure:5831: gfortran -o conftest -O3 -g  -cpp -g  conftest.f -lopenblas   >&5
/usr/bin/ld: cannot find -lopenblas
collect2: error: ld returned 1 exit status
configure:5831: $? = 1
configure: failed program was:
|       program main
|       call dgemm
|       end
configure:5831: gfortran -o conftest -O3 -g  -cpp -g  conftest.f -lblas   >&5
configure:5831: $? = 0
configure:5848: result: -lblas
configure:5985: checking for library containing dspev
configure:6003: gfortran -o conftest -O3 -g  -cpp -g  conftest.f  -lblas  >&5
/usr/bin/ld: /tmp/ccTFRlkH.o: in function `main':
/home/matic/programming/ARTn-pluggin/q-e.fire/conftest.f:2: undefined reference to `dspev_'
collect2: error: ld returned 1 exit status
configure:6003: $? = 1
configure: failed program was:
|       program main
|       call dspev
|       end
configure:6003: gfortran -o conftest -O3 -g  -cpp -g  conftest.f -llapack-3   -lblas  >&5
/usr/bin/ld: cannot find -llapack-3
collect2: error: ld returned 1 exit status
configure:6003: $? = 1
configure: failed program was:
|       program main
|       call dspev
|       end
configure:6003: gfortran -o conftest -O3 -g  -cpp -g  conftest.f -llapack   -lblas  >&5
configure:6003: $? = 0
configure:6020: result: -llapack
configure:5985: checking for library containing dspev
configure:6003: gfortran -o conftest -O3 -g  -cpp -g -L/usr/local/lib conftest.f  -lblas  >&5
/usr/bin/ld: /tmp/ccQN0Q1r.o: in function `main':
/home/matic/programming/ARTn-pluggin/q-e.fire/conftest.f:2: undefined reference to `dspev_'
collect2: error: ld returned 1 exit status
configure:6003: $? = 1
configure: failed program was:
|       program main
|       call dspev
|       end
configure:6003: gfortran -o conftest -O3 -g  -cpp -g -L/usr/local/lib conftest.f -llapack-3   -lblas  >&5
/usr/bin/ld: cannot find -llapack-3
collect2: error: ld returned 1 exit status
configure:6003: $? = 1
configure: failed program was:
|       program main
|       call dspev
|       end
configure:6003: gfortran -o conftest -O3 -g  -cpp -g -L/usr/local/lib conftest.f -llapack   -lblas  >&5
configure:6003: $? = 0
configure:6020: result: -llapack
configure:5985: checking for library containing dspev
configure:6003: gfortran -o conftest -O3 -g  -cpp -g -L/home/matic/bin/xsf2_manipulator/ conftest.f  -lblas  >&5
/usr/bin/ld: /tmp/ccvvNoMf.o: in function `main':
/home/matic/programming/ARTn-pluggin/q-e.fire/conftest.f:2: undefined reference to `dspev_'
collect2: error: ld returned 1 exit status
configure:6003: $? = 1
configure: failed program was:
|       program main
|       call dspev
|       end
configure:6003: gfortran -o conftest -O3 -g  -cpp -g -L/home/matic/bin/xsf2_manipulator/ conftest.f -llapack-3   -lblas  >&5
/usr/bin/ld: cannot find -llapack-3
collect2: error: ld returned 1 exit status
configure:6003: $? = 1
configure: failed program was:
|       program main
|       call dspev
|       end
configure:6003: gfortran -o conftest -O3 -g  -cpp -g -L/home/matic/bin/xsf2_manipulator/ conftest.f -llapack   -lblas  >&5
configure:6003: $? = 0
configure:6020: result: -llapack
configure:5985: checking for library containing dspev
configure:6003: gfortran -o conftest -O3 -g  -cpp -g -L/home/matic/libs/lapac/lapack-3.7.0 conftest.f  -lblas  >&5
/usr/bin/ld: /tmp/ccIXnOP1.o: in function `main':
/home/matic/programming/ARTn-pluggin/q-e.fire/conftest.f:2: undefined reference to `dspev_'
collect2: error: ld returned 1 exit status
configure:6003: $? = 1
configure: failed program was:
|       program main
|       call dspev
|       end
configure:6003: gfortran -o conftest -O3 -g  -cpp -g -L/home/matic/libs/lapac/lapack-3.7.0 conftest.f -llapack-3   -lblas  >&5
/usr/bin/ld: cannot find -llapack-3
collect2: error: ld returned 1 exit status
configure:6003: $? = 1
configure: failed program was:
|       program main
|       call dspev
|       end
configure:6003: gfortran -o conftest -O3 -g  -cpp -g -L/home/matic/libs/lapac/lapack-3.7.0 conftest.f -llapack   -lblas  >&5
configure:6003: $? = 0
configure:6020: result: -llapack
configure:6067: checking FFT
configure:6372: checking for library containing dfftw_execute_dft
configure:6390: gfortran -o conftest -O3 -g  -cpp  -g  conftest.f  >&5
/usr/bin/ld: /tmp/cc3wGI13.o: in function `main':
/home/matic/programming/ARTn-pluggin/q-e.fire/conftest.f:2: undefined reference to `dfftw_execute_dft_'
collect2: error: ld returned 1 exit status
configure:6390: $? = 1
configure: failed program was:
|       program main
|       call dfftw_execute_dft
|       end
configure:6390: gfortran -o conftest -O3 -g  -cpp  -g  conftest.f -lfftw3 -lm  >&5
configure:6390: $? = 0
configure:6407: result: -lfftw3
configure:6468: result:  -lfftw3 
configure:6629: checking MASS
configure:6866: result: 
configure:6897: checking for library containing mpi_init
configure:6915: mpif90 -o conftest -O3 -g  -cpp -g conftest.f  >&5
configure:6915: $? = 0
configure:6932: result: none required
configure:7013: checking for library containing pdgemr2d
configure:7031: mpif90 -o conftest -O3 -g  -cpp -g conftest.f  >&5
/usr/bin/ld: /tmp/ccvISL9l.o: in function `main':
/home/matic/programming/ARTn-pluggin/q-e.fire/conftest.f:2: undefined reference to `pdgemr2d_'
collect2: error: ld returned 1 exit status
configure:7031: $? = 1
configure: failed program was:
|       program main
|       call pdgemr2d
|       end
configure:7031: mpif90 -o conftest -O3 -g  -cpp -g conftest.f  >&5
/usr/bin/ld: /tmp/ccO2qsgo.o: in function `main':
/home/matic/programming/ARTn-pluggin/q-e.fire/conftest.f:2: undefined reference to `pdgemr2d_'
collect2: error: ld returned 1 exit status
configure:7031: $? = 1
configure: failed program was:
|       program main
|       call pdgemr2d
|       end
configure:7048: result: no
configure:7120: checking for library containing pdgemr2d
configure:7138: mpif90 -o conftest -O3 -g  -cpp -g conftest.f  -lsci >&5
/usr/bin/ld: cannot find -lsci
collect2: error: ld returned 1 exit status
configure:7138: $? = 1
configure: failed program was:
|       program main
|       call pdgemr2d
|       end
configure:7138: mpif90 -o conftest -O3 -g  -cpp -g conftest.f  -lsci >&5
/usr/bin/ld: cannot find -lsci
collect2: error: ld returned 1 exit status
configure:7138: $? = 1
configure: failed program was:
|       program main
|       call pdgemr2d
|       end
configure:7155: result: no
configure:7170: checking for library containing pdgemr2d
configure:7188: mpif90 -o conftest -O3 -g  -cpp  conftest.f  -lscalapack >&5
/usr/bin/ld: cannot find -lscalapack
collect2: error: ld returned 1 exit status
configure:7188: $? = 1
configure: failed program was:
|       program main
|       call pdgemr2d
|       end
configure:7188: mpif90 -o conftest -O3 -g  -cpp  conftest.f  -lscalapack >&5
/usr/bin/ld: cannot find -lscalapack
collect2: error: ld returned 1 exit status
configure:7188: $? = 1
configure: failed program was:
|       program main
|       call pdgemr2d
|       end
configure:7205: result: no
configure:7221: checking for library containing pdgemr2d
configure:7239: mpif90 -o conftest -O3 -g  -cpp  conftest.f  -lscalapack -lblacs -lblacsF77init -lblacs >&5
/usr/bin/ld: cannot find -lscalapack
/usr/bin/ld: cannot find -lblacs
/usr/bin/ld: cannot find -lblacsF77init
/usr/bin/ld: cannot find -lblacs
collect2: error: ld returned 1 exit status
configure:7239: $? = 1
configure: failed program was:
|       program main
|       call pdgemr2d
|       end
configure:7239: mpif90 -o conftest -O3 -g  -cpp  conftest.f  -lscalapack -lblacs -lblacsF77init -lblacs >&5
/usr/bin/ld: cannot find -lscalapack
/usr/bin/ld: cannot find -lblacs
/usr/bin/ld: cannot find -lblacsF77init
/usr/bin/ld: cannot find -lblacs
collect2: error: ld returned 1 exit status
configure:7239: $? = 1
configure: failed program was:
|       program main
|       call pdgemr2d
|       end
configure:7256: result: no
configure:7274: checking for library containing pdgemr2d
configure:7292: mpif90 -o conftest -O3 -g  -cpp  conftest.f  -L/bgsys/local/scalapack/lib -lscalapack -L/bgsys/local/blacs/lib -lblacs -lblacsF77init -lblacs >&5
/usr/bin/ld: cannot find -lscalapack
/usr/bin/ld: cannot find -lblacs
/usr/bin/ld: cannot find -lblacsF77init
/usr/bin/ld: cannot find -lblacs
collect2: error: ld returned 1 exit status
configure:7292: $? = 1
configure: failed program was:
|       program main
|       call pdgemr2d
|       end
configure:7292: mpif90 -o conftest -O3 -g  -cpp  conftest.f  -L/bgsys/local/scalapack/lib -lscalapack -L/bgsys/local/blacs/lib -lblacs -lblacsF77init -lblacs >&5
/usr/bin/ld: cannot find -lscalapack
/usr/bin/ld: cannot find -lblacs
/usr/bin/ld: cannot find -lblacsF77init
/usr/bin/ld: cannot find -lblacs
collect2: error: ld returned 1 exit status
configure:7292: $? = 1
configure: failed program was:
|       program main
|       call pdgemr2d
|       end
configure:7309: result: no
configure:7342: checking ELPA
configure:7420: result: 
configure:7433: checking BEEF
configure:8046: checking for ranlib
configure:8062: found /usr/bin//ranlib
configure:8074: result: ranlib
configure:8100: checking for wget
configure:8116: found /usr/bin//wget
configure:8127: result: wget -O
configure:8331: creating ./config.status

## ---------------------- ##
## Running config.status. ##
## ---------------------- ##

This file was extended by ESPRESSO config.status 6.6, which was
generated by GNU Autoconf 2.69.  Invocation command line was

  CONFIG_FILES    = 
  CONFIG_HEADERS  = 
  CONFIG_LINKS    = 
  CONFIG_COMMANDS = 
  $ ./config.status 

on assam

config.status:858: creating install/make_lapack.inc
config.status:858: creating include/configure.h
config.status:858: creating make.inc
config.status:858: creating configure.msg
config.status:858: creating install/make_wannier90.inc
config.status:858: creating include/qe_cdefs.h

## ---------------- ##
## Cache variables. ##
## ---------------- ##

ac_cv_build=x86_64-pc-linux-gnu
ac_cv_c_compiler_gnu=yes
ac_cv_env_CC_set=
ac_cv_env_CC_value=
ac_cv_env_CFLAGS_set=
ac_cv_env_CFLAGS_value=
ac_cv_env_CPPFLAGS_set=
ac_cv_env_CPPFLAGS_value=
ac_cv_env_EXTLIB_FLAGS_set=
ac_cv_env_EXTLIB_FLAGS_value=
ac_cv_env_F77_set=
ac_cv_env_F77_value=
ac_cv_env_FCFLAGS_set=
ac_cv_env_FCFLAGS_value=
ac_cv_env_FC_set=
ac_cv_env_FC_value=
ac_cv_env_FFLAGS_set=
ac_cv_env_FFLAGS_value=
ac_cv_env_LDFLAGS_set=
ac_cv_env_LDFLAGS_value=
ac_cv_env_LIBS_set=
ac_cv_env_LIBS_value=
ac_cv_env_NVCCFLAGS_set=
ac_cv_env_NVCCFLAGS_value=
ac_cv_env_build_alias_set=
ac_cv_env_build_alias_value=
ac_cv_env_host_alias_set=
ac_cv_env_host_alias_value=
ac_cv_env_target_alias_set=
ac_cv_env_target_alias_value=
ac_cv_f77_compiler_gnu=yes
ac_cv_fc_compiler_gnu=yes
ac_cv_fc_srcext_f90=none
ac_cv_objext=o
ac_cv_prog_ac_ct_CC=cc
ac_cv_prog_ac_ct_FC=mpif90
ac_cv_prog_cc_c89=
ac_cv_prog_cc_g=yes
ac_cv_prog_f77_g=yes
ac_cv_prog_fc_g=yes
ac_cv_prog_make_make_set=yes
ac_cv_prog_ranlib=ranlib
ac_cv_prog_wget='wget -O'
ac_cv_search_dfftw_execute_dft=-lfftw3
ac_cv_search_dgemm=-lblas
ac_cv_search_dspev=-llapack
ac_cv_search_mpi_init='none required'
ac_cv_search_pdgemr2d=no

## ----------------- ##
## Output variables. ##
## ----------------- ##

CC='cc'
CFLAGS='-O3'
CPPFLAGS='-O3'
CUDA_CFLAGS=''
CUDA_LDLIBS=''
Configured for compilation of parallel executables.'
DEFS='-DHAVE_CONFIG_H'
ECHO_C=''
ECHO_N='-n'
ECHO_T=''
EXEEXT=''
EXTLIB_FLAGS=''
F77='mpif90'
FC='mpif90'
FCFLAGS='-g -O2'
FCFLAGS_f90=''
FFLAGS='-O3 -g  -cpp'
LDFLAGS=''
LIBOBJS=''
LIBS=' -L/bgsys/local/scalapack/lib -lscalapack -L/bgsys/local/blacs/lib -lblacs -lblacsF77init -lblacs'
LIBS_LIBXC=''
LTLIBOBJS=''
NVCC='no'
NVCCFLAGS=''
OBJEXT='o'
PACKAGE_BUGREPORT=''
PACKAGE_NAME='ESPRESSO'
PACKAGE_STRING='ESPRESSO 6.6'
PACKAGE_TARNAME='espresso'
PACKAGE_URL=''
PACKAGE_VERSION='6.6'
PATH_SEPARATOR=':'
SET_MAKE=''
SHELL='/bin/bash'
ac_ct_CC='cc'
ac_ct_F77=''
ac_ct_FC='mpif90'
ar='ar'
arch='x86_64'
arflags='ruv'
beef_libs='$(TOPDIR)/LIBBEEF/libbeef.a'
beef_libs_switch='internal'
bindir='${exec_prefix}/bin'
blas_libs=' -lblas '
blas_line='BLAS_LIBS= -lblas '
build='x86_64-pc-linux-gnu'
build_alias=''
build_cpu='x86_64'
build_os='linux-gnu'
build_vendor='pc'
cc='cc'
cflags='-O3'
cpp='cpp'
cppflags='-P -traditional -Uvector'
cuda_extlibs=''
cuda_fflags=''
cuda_libs=''
cuda_path=''
datadir='${datarootdir}'
datarootdir='${prefix}/share'
dflags=' -D__FFTW3 -D__MPI'
docdir='${datarootdir}/doc/${PACKAGE_TARNAME}'
dvidir='${docdir}'
elpa_libs=''
elpa_line='@delete@'
exec_prefix='${prefix}'
extlib_flags=''
f90='gfortran'
f90flags='$(FFLAGS) -cpp'
f90rule='$(MPIF90) $(F90FLAGS) -c $<'
fdflags='$(DFLAGS) $(MANUAL_DFLAGS)'
fflags='-O3 -g'
fflags_nomain=''
fflags_noopt='-O0 -g'
fft_libs=' -lfftw3 '
fft_line='FFT_LIBS= -lfftw3 '
foxflags=''
gpu_arch=''
gpu_runtime=''
hdf5_libs=''
hdf5_line=''
host_alias=''
htmldir='${docdir}'
iflags='-I$(TOPDIR)/include -I$(TOPDIR)/FoX/finclude'
imod='-I'
includedir='${prefix}/include'
infodir='${datarootdir}/info'
lapack_libs='-L/home/matic/libs/lapac/lapack-3.7.0 -llapack  -lblas '
lapack_libs_switch='external'
lapack_line='LAPACK_LIBS=-L/home/matic/libs/lapac/lapack-3.7.0 -llapack  -lblas '
ld='mpif90'
ld_libs=''
ldflags='-g'
libdir='${exec_prefix}/lib'
libexecdir='${exec_prefix}/libexec'
libxc_line=''
localedir='${datarootdir}/locale'
localstatedir='${prefix}/var'
mandir='${datarootdir}/man'
mass_libs=''
mass_line='@delete@'
mpi_libs=''
mpi_line='@delete@'
mpif90='mpif90'
oldincludedir='/usr/include'
parallel_report='Parallel environment detected successfully.\
pdfdir='${docdir}'
pre_fdflags=''
prefix='/usr/local'
program_transform_name='s,x,x,'
psdir='${docdir}'
ranlib='ranlib'
runstatedir='${localstatedir}/run'
sbindir='${exec_prefix}/sbin'
scalapack_libs=''
scalapack_line='@delete@'
sharedstatedir='${prefix}/com'
sysconfdir='${prefix}/etc'
target_alias=''
topdir='/home/matic/programming/ARTn-pluggin/q-e.fire'
wget='wget -O'

## ----------- ##
## confdefs.h. ##
## ----------- ##

/* confdefs.h */
#define PACKAGE_NAME "ESPRESSO"
#define PACKAGE_TARNAME "espresso"
#define PACKAGE_VERSION "6.6"
#define PACKAGE_STRING "ESPRESSO 6.6"
#define PACKAGE_BUGREPORT ""
#define PACKAGE_URL ""

configure: exit 0
