     --------------------------------------------------
     |       _____                _____ _______       |
     |      /  _  |         /\   |  __ \__   __|      |
     |      | (_) |  ___   /  \  | |__) | | |         |
     |      |  ___/ |___| / /\ \ |  _  /  | |         |
     |      | |          / ____ \| | \ \  | |         |
     |      |_|         /_/    \_\_|  \_\ |_|         |
     |                                    ARTn plugin |
     --------------------------------------------------
      
                    INPUT PARAMETERS                   
     --------------------------------------------------
     engine_units: qe
     Verbosity Level:  0
     --------------------------------------------------
     Simulation Parameters:
     --------------------------------------------------
             * Iterators Parameter: 
               ninit           =      4
               nperp           =      3      8     12     16     -1
               neigen          =      1
               nsmooth         =      0
             * Threshold Parameter: 
               converge_property = maxval
               init_forc_thr     =  0.050  Ry/a.u.
               forc_thr          =  0.001  Ry/a.u.
               fpara_thr         =  0.005  Ry/a.u.
               eigval_thr        = -0.010  Ry/a.u.**2
               frelax_ene_thr    =  0.000  Ry
             * Step size Parameter: 
               push_step_size  =   0.60  a.u.
               eigen_step_size =   0.40  a.u.
               push_over       =  1.000  fraction of eigen_step_size
               push_mode       =   list
     --------------------------------------------------
     Lanczos algorithm:
     --------------------------------------------------
               lanczos_max_size   =     16
               lanczos_disp           =  0.1000E-01  a.u.
               lanczos_eval_conv_thr   =  0.1000E-01
     --------------------------------------------------



     |> ARTn research : 1 0
     --------------------------------------------------
     istep    ART_step    Etot     init/eign/perp/lanc/relx     Ftot       Fperp      Fpara     eigval      delr  npart evalf  a1
                           [Ry]                               -----------[Ry/a.u.]-----------  [Ry/a.u.**2]   [a.u.]
        0   Bstep void    0.0000     0    0    0    0    0     0.0004     0.0004     0.0001     0.0000     0.0000     0     1   0.00
        1   Bstep/init    0.0042     1    0    3    0    0     0.0484     0.0468     0.0081     0.0000     0.6439     1     5   0.00
        2   Bstep/init    0.0111     2    0    3    0    0     0.0258     0.0172     0.0202     0.0000     1.2540     1     9   0.00
        3   Bstep/init    0.0365     3    0    3    0    0     0.0694     0.0192     0.0664     0.0000     1.8745     2    13   0.00
        4   Bstep/init    0.0863     4    0    3    0    0     0.1308     0.0334     0.1302     0.0000     2.4911     5    17   0.00
        5   Sstep/eign    0.0539     4    1    3   10    0     0.0461     0.0184     0.0450    -0.1173     2.3166     6    31   0.13
        6   Sstep/eign    0.0548     4    1    5    6    0     0.0085     0.0043     0.0082    -0.3068     2.1254     6    43   0.91
        7   Sstep/eign    0.0543     4    1   12    4    0     0.0029     0.0029     0.0005    -0.3369     2.1656     6    60   1.00
        8   Sstep/eign    0.0542     4    1   10    3    0     0.0007     0.0007     0.0001    -0.3322     2.1647     6    74   1.00
     --------------------------------------------------
     |> ARTn found a potential saddle point | E_saddle - E_initial =     0.05421 Ry
     |> Stored in Configuration Files: * Start: initp.xsf | sad0001.xsf
     --------------------------------------------------
     |> DEBRIEF(SADDLE) | dE=      0.05421 Ry | F_{tot,para,perp}=      0.00070      0.00009      0.00069 Ry/a.u. | EigenVal=     -0.33220 Ry/a.u.**2 | npart=   6.  | delr=      2.16465 a.u. | evalf=   74. |
     --------------------------------------------------
            *** Pushing forward to a minimum  ***      
     -------------------------------------------------
     |> number of steps: 73
        8   Rstep relx    0.0156     4    1   11    0    5     0.0396     0.0135     0.0420    -0.3322     0.0000     0    80   1.00
        8   Rstep relx    0.0090     4    1   11    0   10     0.0218     0.0235     0.0045    -0.3322     0.0000     0    85   1.00
        8   Rstep relx    0.0030     4    1   11    0   15     0.0100     0.0063     0.0093    -0.3322     0.0000     0    90   1.00
        8   Rstep relx    0.0003     4    1   11    0   20     0.0065     0.0062     0.0008    -0.3322     0.0000     0    95   1.00
        8   Rstep relx    0.0003     4    1   11    0   25     0.0014     0.0012     0.0006    -0.3322     0.0000     0   100   1.00
        8   Rstep relx    0.0003     4    1   11    0   30     0.0013     0.0011     0.0006    -0.3322     0.0000     0   105   1.00
        8   Rstep relx    0.0003     4    1   11    0   35     0.0011     0.0010     0.0002    -0.3322     0.0000     0   110   1.00
        8   Rstep/relx    0.0002     4    1    0    0   38     0.0010     0.0008     0.0005    -0.3322     2.8948     6   113   1.00
     --------------------------------------------------
     |> ARTn converged to a forward minimum | backward E_act =     0.05397 Ry
     --------------------------------------------------
     |> number of steps: 112
     |> DEBRIEF(RELX+1) | dE=      0.00023 Ry | F_{tot,para,perp}=      0.00098      0.00049      0.00080 Ry/a.u. | EigenVal=     -0.33220 Ry/a.u.**2 | npart=   6.  | delr=      2.89481 a.u. | evalf=  113. |
     --------------------------------------------------
        8   Sstep relx    0.0542     4    1   11    0    0     0.0012     0.0008     0.0012    -0.3322     0.0000     0   114   1.00
        8   Rstep relx    0.0154     4    1   11    0    5     0.0406     0.0112     0.0434    -0.3322     0.0000     0   120   1.00
        8   Rstep relx    0.0087     4    1   11    0   10     0.0209     0.0238     0.0072    -0.3322     0.0000     0   125   1.00
        8   Rstep relx    0.0032     4    1   11    0   15     0.0121     0.0079     0.0113    -0.3322     0.0000     0   130   1.00
        8   Rstep relx    0.0012     4    1   11    0   20     0.0067     0.0071     0.0011    -0.3322     0.0000     0   135   1.00
        8   Rstep relx    0.0012     4    1   11    0   25     0.0043     0.0047     0.0019    -0.3322     0.0000     0   140   1.00
        8   Rstep relx    0.0010     4    1   11    0   30     0.0042     0.0033     0.0023    -0.3322     0.0000     0   145   1.00
        8   Rstep relx    0.0008     4    1   11    0   35     0.0033     0.0031     0.0005    -0.3322     0.0000     0   150   1.00
        8   Rstep relx    0.0004     4    1   11    0   40     0.0019     0.0017     0.0004    -0.3322     0.0000     0   155   1.00
        8   Rstep relx    0.0002     4    1   11    0   45     0.0010     0.0007     0.0007    -0.3322     0.0000     0   160   1.00
        8   Rstep relx    0.0002     4    1   11    0   50     0.0012     0.0009     0.0006    -0.3322     0.0000     0   165   1.00
        8   Rstep relx    0.0002     4    1   11    0   55     0.0011     0.0009     0.0005    -0.3322     0.0000     0   170   1.00
        8   Rstep relx    0.0002     4    1   11    0   60     0.0012     0.0010     0.0004    -0.3322     0.0000     0   175   1.00
        8   Rstep/relx    0.0002     4    1    0    0   64     0.0010     0.0008     0.0005    -0.3322     1.4668     6   179   1.00
     --------------------------------------------------
         *** ARTn converged to a backward minimum ***   
     --------------------------------------------------
               forward  E_act =     0.05405 Ry
               backward E_act =     0.05397 Ry
               reaction dE    =    -0.00008 Ry
               dEinit - dEfinal    =    -0.00015 Ry
     --------------------------------------------------
     |> Configuration Files: * Start: initp.xsf | sad0001.xsf | min0001.xsf | min0002.xsf
     --------------------------------------------------
     |> DEBRIEF(RELX-1) | dE=      0.00015 Ry | F_{tot,para,perp}=      0.00100      0.00047      0.00081 Ry/a.u. | EigenVal=     -0.33220 Ry/a.u.**2 | npart=   6.  | delr=      1.46684 a.u. | evalf=  179. |
     --------------------------------------------------
     |> BLOCK FINALIZE..
     |> number of steps: 178
     |> Initial Configuration loaded...
     !> CLEANING ARTn | Fail: 0
     --------------------------------------------------


