     --------------------------------------------------
     |       _____                _____ _______       |
     |      /  _  |         /\   |  __ \__   __|      |
     |      | (_) |  ___   /  \  | |__) | | |         |
     |      |  ___/ |___| / /\ \ |  _  /  | |         |
     |      | |          / ____ \| | \ \  | |         |
     |      |_|         /_/    \_\_|  \_\ |_|         |
     |                                    ARTn plugin |
     --------------------------------------------------
      
                    INPUT PARAMETERS                   
     --------------------------------------------------
     engine_units: qe
     Verbosity Level:  1
     --------------------------------------------------
     Simulation Parameters:
     --------------------------------------------------
             * Iterators Parameter: 
               ninit           =      3
               nperp           =      3      8     12     16     -1
               neigen          =      1
               nsmooth         =      1
             * Threshold Parameter: 
               converge_property = maxval
               init_forc_thr     =  0.010  Ry/a.u.
               forc_thr          =  0.001  Ry/a.u.
               fpara_thr         =  0.005  Ry/a.u.
               eigval_thr        = -0.010  Ry/a.u.**2
               frelax_ene_thr    =  0.000  Ry
             * Step size Parameter: 
               push_step_size  =   0.40  a.u.
               eigen_step_size =   0.40  a.u.
               push_over       =  1.000  fraction of eigen_step_size
               push_mode       =   list
     --------------------------------------------------
     Lanczos algorithm:
     --------------------------------------------------
               lanczos_max_size   =     16
               lanczos_disp           =  0.1000E-01  a.u.
               lanczos_eval_conv_thr   =  0.1000E-01
     --------------------------------------------------



     |> ARTn research : 1 0
     --------------------------------------------------
     istep    ART_step    Etot     init/eign/perp/lanc/relx     Ftot       Fperp      Fpara     eigval      delr  npart evalf    B/O/R|I/P/L/E|P/B/R    a1
                           [Ry]                               -----------[Ry/a.u.]-----------  [Ry/a.u.**2]   [a.u.]
        0   Bstep void    0.0000     0    0    0    0    0     0.0008     0.0008     0.0005     0.0000     0.0000     0     1    T F F T F F F T T F   0.00
        1   Bstep/init    0.0043     1    0    3    0    0     0.0196     0.0043     0.0166     0.0000     0.4211     1     5    T F F T F F F T T F   0.00
        2   Bstep/init    0.0154     2    0    3    0    0     0.0322     0.0078     0.0289     0.0000     0.8452     3     9    T F F T F F F T T F   0.00
        3   Bstep/init    0.0305     3    0    3    0    0     0.0341     0.0093     0.0336     0.0000     1.2694     3    13    T F F F F T F T T F   0.00
        4   Sstep/smth    0.0290     3    1    3   15    0     0.0253     0.0109     0.0144    -0.0244     1.4618    10    32    F F F F F T F T T F   0.19
        5   Sstep/eign    0.0189     3    1    6    5    0     0.0076     0.0037     0.0039    -0.0406     1.7937    19    44    F F F F F T F T T F   0.99
        6   Sstep/eign    0.0175     3    1    7    7    0     0.0026     0.0017     0.0018    -0.0215     2.1534    35    59    F F F F F T F T T F   0.95
        7   Sstep/eign    0.0180     3    1    2    7    0     0.0012     0.0010     0.0006    -0.0143     2.3663    38    69    F F F F F T F T T F   0.96
        8   Sstep/eign    0.0180     3    1    2    8    0     0.0009     0.0010     0.0001    -0.0110     2.4232    39    80    F F F F T F T T T F   0.96
     --------------------------------------------------
     |> ARTn found a potential saddle point | E_saddle - E_initial =     0.01800 Ry
     |> Stored in Configuration Files: * Start: initp.xsf | sad0001.xsf
     --------------------------------------------------
     |> DEBRIEF(SADDLE) | dE=      0.01800 Ry | F_{tot,para,perp}=      0.00094      0.00006      0.00095 Ry/a.u. | EigenVal=     -0.01095 Ry/a.u.**2 | npart=  39.  | delr=      2.42320 a.u. | evalf=   80. |
     --------------------------------------------------
            *** Pushing forward to a minimum  ***      
     -------------------------------------------------
     |> number of steps: 79
        8   Rstep relx    0.0172     3    1    3    0    5     0.0047     0.0046     0.0006    -0.0110     0.0000     0    86    F F T F F F F T F F   0.96
        8   Rstep relx    0.0171     3    1    3    0   10     0.0040     0.0040     0.0002    -0.0110     0.0000     0    91    F F T F F F F T F F   0.96
        8   Rstep relx    0.0167     3    1    3    0   15     0.0024     0.0024     0.0010    -0.0110     0.0000     0    96    F F T F F F F T F F   0.96
        8   Rstep relx    0.0162     3    1    3    0   20     0.0045     0.0014     0.0031    -0.0110     0.0000     0   101    F F T F F F F T F F   0.96
        8   Rstep relx    0.0147     3    1    3    0   25     0.0059     0.0016     0.0044    -0.0110     0.0000     0   106    F F T F F F F T F F   0.96
        8   Rstep relx    0.0087     3    1    3    0   30     0.0055     0.0036     0.0040    -0.0110     0.0000     0   111    F F T F F F F T F F   0.96
        8   Rstep relx   -0.0003     3    1    3    0   35     0.0012     0.0011     0.0015    -0.0110     0.0000     0   116    F F T F F F F T F F   0.96
        8   Rstep/relx   -0.0003     3    1    0    0   36     0.0010     0.0009     0.0013    -0.0110     3.6692    45   117    F F T F F F F T F F   0.96
     --------------------------------------------------
     |> ARTn converged to a forward minimum | backward E_act =     0.01833 Ry
     --------------------------------------------------
     |> number of steps: 116
     |> DEBRIEF(RELX+1) | dE=     -0.00033 Ry | F_{tot,para,perp}=      0.00097      0.00133      0.00093 Ry/a.u. | EigenVal=     -0.01095 Ry/a.u.**2 | npart=  45.  | delr=      3.66921 a.u. | evalf=  117. |
     --------------------------------------------------
        8   Sstep relx    0.0180     3    1    3    0    0     0.0011     0.0011     0.0001    -0.0110     0.0000     0   118    F T F F F F F T T F   0.96
        8   Rstep relx    0.0061     3    1    3    0    5     0.0053     0.0049     0.0004    -0.0110     0.0000     0   124    F F T F F F F T F F   0.96
        8   Rstep relx    0.0017     3    1    3    0   10     0.0049     0.0028     0.0058    -0.0110     0.0000     0   129    F F T F F F F T F F   0.96
        8   Rstep relx    0.0015     3    1    3    0   15     0.0046     0.0025     0.0053    -0.0110     0.0000     0   134    F F T F F F F T F F   0.96
        8   Rstep relx    0.0009     3    1    3    0   20     0.0039     0.0019     0.0040    -0.0110     0.0000     0   139    F F T F F F F T F F   0.96
        8   Rstep relx   -0.0002     3    1    3    0   25     0.0018     0.0009     0.0020    -0.0110     0.0000     0   144    F F T F F F F T F F   0.96
        8   Rstep/relx   -0.0005     3    1    0    0   27     0.0006     0.0006     0.0006    -0.0110     1.1975    14   146    F F T F F F F T F F   0.96
     --------------------------------------------------
         *** ARTn converged to a backward minimum ***   
     --------------------------------------------------
               forward  E_act =     0.01852 Ry
               backward E_act =     0.01833 Ry
               reaction dE    =    -0.00019 Ry
               dEinit - dEfinal    =     0.00052 Ry
     --------------------------------------------------
     |> Configuration Files: * Start: initp.xsf | sad0001.xsf | min0001.xsf | min0002.xsf
     --------------------------------------------------
     |> DEBRIEF(RELX-1) | dE=     -0.00052 Ry | F_{tot,para,perp}=      0.00058      0.00063      0.00060 Ry/a.u. | EigenVal=     -0.01095 Ry/a.u.**2 | npart=  14.  | delr=      1.19749 a.u. | evalf=  146. |
     --------------------------------------------------
     |> BLOCK FINALIZE..
     |> number of steps: 145
     |> Initial Configuration loaded...
     !> CLEANING ARTn | Fail: 0
     --------------------------------------------------


