     --------------------------------------------------
     |       _____                _____ _______       |
     |      /  _  |         /\   |  __ \__   __|      |
     |      | (_) |  ___   /  \  | |__) | | |         |
     |      |  ___/ |___| / /\ \ |  _  /  | |         |
     |      | |          / ____ \| | \ \  | |         |
     |      |_|         /_/    \_\_|  \_\ |_|         |
     |                                    ARTn plugin |
     --------------------------------------------------
      
                    INPUT PARAMETERS                   
     --------------------------------------------------
     engine_units: qe
     Verbosity Level:  0
     --------------------------------------------------
     Simulation Parameters:
     --------------------------------------------------
             * Iterators Parameter: 
               ninit           =      4
               nperp           =      4      8     12     16     -1
               neigen          =      1
               nsmooth         =      0
             * Threshold Parameter: 
               converge_property = maxval
               init_forc_thr     =  0.050  Ry/a.u.
               forc_thr          =  0.001  Ry/a.u.
               fpara_thr         =  0.005  Ry/a.u.
               eigval_thr        = -0.010  Ry/a.u.**2
               frelax_ene_thr    =  0.000  Ry
             * Step size Parameter: 
               push_step_size  =   0.40  a.u.
               eigen_step_size =   0.30  a.u.
               push_over       =  1.000  fraction of eigen_step_size
               push_mode       =   list
     --------------------------------------------------
     Lanczos algorithm:
     --------------------------------------------------
               lanczos_max_size   =     16
               lanczos_disp           =  0.1000E-01  a.u.
               lanczos_eval_conv_thr   =  0.1000E-01
     --------------------------------------------------



     |> ARTn research : 1 0
     --------------------------------------------------
     istep    ART_step    Etot     init/eign/perp/lanc/relx     Ftot       Fperp      Fpara     eigval      delr  npart evalf  a1
                           [Ry]                               -----------[Ry/a.u.]-----------  [Ry/a.u.**2]   [a.u.]
        0   Bstep void    0.0000     0    0    0    0    0     0.0009     0.0009     0.0004     0.0000     0.0000     0     1   0.00
        1   Bstep/init    0.0021     1    0    4    0    0     0.0109     0.0017     0.0109     0.0000     0.3516     1     6   0.00
        2   Bstep/init    0.0078     2    0    4    0    0     0.0180     0.0032     0.0180     0.0000     0.7056     1    11   0.00
        3   Bstep/init    0.0155     3    0    4    0    0     0.0206     0.0046     0.0206     0.0000     1.0546     1    16   0.00
        4   Bstep/init    0.0222     4    0    4    0    0     0.0164     0.0039     0.0164     0.0000     1.4152     3    21   0.00
        5   Sstep/eign    0.0257     4    1    0   17    0     0.0118     0.0048     0.0081    -0.0106     1.6493     5    39   0.37
        6   Sstep/eign    0.0277     4    1    2   10    0     0.0047     0.0034     0.0036    -0.0234     1.9057     5    52   0.90
        7   Sstep/eign    0.0272     4    1   12    5    0     0.0013     0.0012     0.0007    -0.0244     2.0396     8    70   1.00
        8   Sstep/eign    0.0270     4    1    9    4    0     0.0007     0.0007     0.0004    -0.0233     2.0716     9    84   1.00
     --------------------------------------------------
     |> ARTn found a potential saddle point | E_saddle - E_initial =     0.02696 Ry
     |> Stored in Configuration Files: * Start: initp.xsf | sad0001.xsf
     --------------------------------------------------
     |> DEBRIEF(SADDLE) | dE=      0.02696 Ry | F_{tot,para,perp}=      0.00072      0.00036      0.00066 Ry/a.u. | EigenVal=     -0.02335 Ry/a.u.**2 | npart=   9.  | delr=      2.07159 a.u. | evalf=   84. |
     --------------------------------------------------
            *** Pushing forward to a minimum  ***      
     -------------------------------------------------
     |> number of steps: 83
        8   Rstep relx    0.0105     4    1   10    0    5     0.0140     0.0115     0.0125    -0.0233     0.0000     0    90   1.00
        8   Rstep relx    0.0058     4    1   10    0   10     0.0104     0.0034     0.0089    -0.0233     0.0000     0    95   1.00
        8   Rstep relx    0.0055     4    1   10    0   15     0.0103     0.0032     0.0088    -0.0233     0.0000     0   100   1.00
        8   Rstep relx    0.0048     4    1   10    0   20     0.0097     0.0029     0.0083    -0.0233     0.0000     0   105   1.00
        8   Rstep relx    0.0029     4    1   10    0   25     0.0076     0.0023     0.0065    -0.0233     0.0000     0   110   1.00
        8   Rstep relx    0.0005     4    1   10    0   30     0.0069     0.0069     0.0005    -0.0233     0.0000     0   115   1.00
        8   Rstep relx    0.0005     4    1   10    0   35     0.0018     0.0010     0.0013    -0.0233     0.0000     0   120   1.00
        8   Rstep relx    0.0004     4    1   10    0   40     0.0018     0.0010     0.0013    -0.0233     0.0000     0   125   1.00
        8   Rstep relx    0.0004     4    1   10    0   45     0.0017     0.0009     0.0012    -0.0233     0.0000     0   130   1.00
        8   Rstep relx    0.0004     4    1   10    0   50     0.0015     0.0008     0.0010    -0.0233     0.0000     0   135   1.00
        8   Rstep relx    0.0002     4    1   10    0   55     0.0009     0.0006     0.0005    -0.0233     0.0000     0   140   1.00
        8   Rstep/relx    0.0002     4    1    0    0   55     0.0009     0.0006     0.0005    -0.0233     3.9798    18   140   1.00
     --------------------------------------------------
     |> ARTn converged to a forward minimum | backward E_act =     0.02675 Ry
     --------------------------------------------------
     |> number of steps: 139
     |> DEBRIEF(RELX+1) | dE=      0.00022 Ry | F_{tot,para,perp}=      0.00086      0.00052      0.00060 Ry/a.u. | EigenVal=     -0.02335 Ry/a.u.**2 | npart=  18.  | delr=      3.97975 a.u. | evalf=  140. |
     --------------------------------------------------
        8   Sstep relx    0.0270     4    1   10    0    0     0.0007     0.0007     0.0002    -0.0233     0.0000     0   141   1.00
        8   Rstep relx    0.0083     4    1   10    0    5     0.0163     0.0156     0.0146    -0.0233     0.0000     0   147   1.00
        8   Rstep relx    0.0034     4    1   10    0   10     0.0100     0.0033     0.0104    -0.0233     0.0000     0   152   1.00
        8   Rstep relx    0.0032     4    1   10    0   15     0.0098     0.0023     0.0101    -0.0233     0.0000     0   157   1.00
        8   Rstep relx    0.0026     4    1   10    0   20     0.0091     0.0022     0.0094    -0.0233     0.0000     0   162   1.00
        8   Rstep relx    0.0013     4    1   10    0   25     0.0067     0.0010     0.0070    -0.0233     0.0000     0   167   1.00
        8   Rstep relx    0.0002     4    1   10    0   30     0.0024     0.0006     0.0026    -0.0233     0.0000     0   172   1.00
        8   Rstep relx    0.0002     4    1   10    0   35     0.0024     0.0006     0.0026    -0.0233     0.0000     0   177   1.00
        8   Rstep relx    0.0002     4    1   10    0   40     0.0024     0.0006     0.0026    -0.0233     0.0000     0   182   1.00
        8   Rstep relx    0.0002     4    1   10    0   45     0.0023     0.0006     0.0024    -0.0233     0.0000     0   187   1.00
        8   Rstep relx    0.0001     4    1   10    0   50     0.0019     0.0005     0.0021    -0.0233     0.0000     0   192   1.00
        8   Rstep relx    0.0000     4    1   10    0   55     0.0010     0.0004     0.0011    -0.0233     0.0000     0   197   1.00
        8   Rstep/relx    0.0000     4    1    0    0   55     0.0010     0.0004     0.0011    -0.0233     0.3889     1   197   1.00
     --------------------------------------------------
         *** ARTn converged to a backward minimum ***   
     --------------------------------------------------
               forward  E_act =     0.02691 Ry
               backward E_act =     0.02675 Ry
               reaction dE    =    -0.00017 Ry
               dEinit - dEfinal    =    -0.00005 Ry
     --------------------------------------------------
     |> Configuration Files: * Start: initp.xsf | sad0001.xsf | min0001.xsf | min0002.xsf
     --------------------------------------------------
     |> DEBRIEF(RELX-1) | dE=      0.00005 Ry | F_{tot,para,perp}=      0.00099      0.00115      0.00038 Ry/a.u. | EigenVal=     -0.02335 Ry/a.u.**2 | npart=   1.  | delr=      0.38888 a.u. | evalf=  197. |
     --------------------------------------------------
     |> BLOCK FINALIZE..
     |> number of steps: 196
     |> Initial Configuration loaded...
     !> CLEANING ARTn | Fail: 0
     --------------------------------------------------


