     --------------------------------------------------
                     ARTn plugin                       
     --------------------------------------------------
      
                    INPUT PARAMETERS                   
     --------------------------------------------------
     Push and perpendicular relax:
     --------------------------------------------------
               npush           =      3
               convcrit_init   =  0.010
               convcrit_final  =  0.001
               fpara_convcrit  =  0.005
               eigval_thr      = -0.010
               push_step_size  =    0.2
               eigen_step_size =    0.3
               push_mode       =   list
     --------------------------------------------------
     Lanczos algorithm:
     --------------------------------------------------
               nlanc_init     =     16
               dlanc          =  0.010
     --------------------------------------------------
  
  
     istep    ART_step            Etot          Ftot       Fperp       Fpara       eigval
                                  [Ry]         -----------[Ry/a.u.]----------      Ry/a.u.^2
        0       init         -1164.470486         0.0107         0.0107         0.0000         0.0000         0.0023
        1       eign         -1164.463071         0.0373         0.0259        -0.0144         0.0000         0.0076
        2       perp         -1164.441647         0.0762         0.0567        -0.0272         0.0000         0.0200
        3       perp         -1164.443270         0.0709         0.0513        -0.0262         0.0000         0.0184
        4       perp         -1164.446270         0.0600         0.0399        -0.0240         0.0000         0.0150
        5       eign         -1164.449408         0.0462         0.0251        -0.0208         0.0000         0.0095
        6       perp         -1164.427546         0.0655         0.0532        -0.0204         0.0000         0.0215
        7       perp         -1164.428982         0.0611         0.0487        -0.0197         0.0000         0.0197
        8       perp         -1164.431685         0.0515         0.0389        -0.0180         0.0000         0.0156
        9       lanc         -1164.434737         0.0395         0.0266        -0.0156         0.0000         0.0093
       10       lanc         -1164.434186         0.0397         0.0272        -0.0155         0.0000         0.0097
       11       lanc         -1164.434356         0.0416         0.0287        -0.0161        -0.0178         0.0108
       12       lanc         -1164.434966         0.0393         0.0261        -0.0157        -0.0276         0.0097
       13       lanc         -1164.434829         0.0394         0.0263        -0.0157        -0.0293         0.0092
       14       lanc         -1164.434564         0.0400         0.0273        -0.0157        -0.0297         0.0092
       15       eign         -1164.434737         0.0396         0.0267        -0.0156        -0.0299         0.0094
       16       perp         -1164.426547         0.0360         0.0307        -0.0100        -0.0299         0.0115
       17       perp         -1164.427117         0.0340         0.0286        -0.0098        -0.0299         0.0105
       18       lanc         -1164.428249         0.0301         0.0244        -0.0094        -0.0299         0.0085
       19       lanc         -1164.427991         0.0299         0.0244        -0.0092        -0.0299         0.0085
       20       lanc         -1164.428384         0.0299         0.0240        -0.0095        -0.0198         0.0083
       21       lanc         -1164.428245         0.0301         0.0245        -0.0094        -0.0228         0.0086
       22       lanc         -1164.428119         0.0309         0.0253        -0.0095        -0.0234         0.0095
       23       eign         -1164.428249         0.0300         0.0243        -0.0094        -0.0235         0.0085
       24       perp         -1164.423529         0.0240         0.0238        -0.0015        -0.0235         0.0085
       25       perp         -1164.423824         0.0225         0.0223        -0.0015        -0.0235         0.0079
       26       perp         -1164.424422         0.0195         0.0193        -0.0015        -0.0235         0.0065
       27       perp         -1164.425216         0.0151         0.0149        -0.0014        -0.0235         0.0045
       28       perp         -1164.425959         0.0089         0.0086        -0.0013        -0.0235         0.0028
       29       perp         -1164.426310         0.0054         0.0049        -0.0013        -0.0235         0.0015
       30       perp         -1164.426073         0.0095         0.0093        -0.0012        -0.0235         0.0020
       31       perp         -1164.426288         0.0061         0.0057        -0.0012        -0.0235         0.0013
       32       perp         -1164.426314         0.0057         0.0052        -0.0012        -0.0235         0.0012
       33       perp         -1164.426343         0.0049         0.0043        -0.0012        -0.0235         0.0011
       34       perp         -1164.426370         0.0041         0.0034        -0.0012        -0.0235         0.0010
       35       lanc         -1164.426392         0.0035         0.0026        -0.0012        -0.0235         0.0008
       36       lanc         -1164.426346         0.0034         0.0029        -0.0009        -0.0235         0.0009
       37       lanc         -1164.426341         0.0061         0.0056        -0.0013        -0.0226         0.0015
       38       lanc         -1164.426363         0.0058         0.0053        -0.0012        -0.0283         0.0014
       39       lanc         -1164.426367         0.0049         0.0043        -0.0012        -0.0299         0.0015
       40       eign         -1164.426392         0.0035         0.0026        -0.0012        -0.0301         0.0008
       41       lanc         -1164.426302         0.0028         0.0028        -0.0000        -0.0301         0.0008
       42       lanc         -1164.426307         0.0028         0.0028         0.0003        -0.0301         0.0008
       43       lanc         -1164.426285         0.0040         0.0040        -0.0000        -0.0284         0.0012
       44       lanc         -1164.426248         0.0059         0.0059        -0.0000        -0.0294         0.0020
       45       eign         -1164.426302         0.0028         0.0028        -0.0000        -0.0296         0.0009
     --------------------------------------------------
         *** ARTn found a potential saddle point ***   
     --------------------------------------------------
               E_final - E_initial =     0.60116 eV
     --------------------------------------------------
            *** Pushing to adjacent minima  ***      
     ------------------------------------------------
       45       eign         -1164.426302         0.0028         0.0028        -0.0000        -0.0296         0.0009
       46       eign         -1164.429939         0.0161         0.0119         0.0058        -0.0296         0.0033
       47       relx         -1164.437794         0.0356         0.0307         0.0097        -0.0296         0.0096
       48       relx         -1164.450033         0.0429         0.0388         0.0098        -0.0296         0.0129
       49       relx         -1164.460328         0.0364         0.0359         0.0033        -0.0296         0.0124
       50       relx         -1164.465225         0.0297         0.0286        -0.0041        -0.0296         0.0095
       51       relx         -1164.463915         0.0303         0.0302         0.0011        -0.0296         0.0109
       52       relx         -1164.464014         0.0300         0.0300         0.0011        -0.0296         0.0109
       53       relx         -1164.464587         0.0280         0.0279         0.0012        -0.0296         0.0102
       54       relx         -1164.465437         0.0252         0.0250         0.0015        -0.0296         0.0094
       55       relx         -1164.466424         0.0218         0.0216         0.0018        -0.0296         0.0082
       56       relx         -1164.467456         0.0186         0.0182         0.0021        -0.0296         0.0068
       57       relx         -1164.468398         0.0161         0.0155         0.0024        -0.0296         0.0054
       58       relx         -1164.469306         0.0136         0.0128         0.0026        -0.0296         0.0038
       59       relx         -1164.470030         0.0117         0.0106         0.0027        -0.0296         0.0033
       60       relx         -1164.470556         0.0095         0.0083         0.0025        -0.0296         0.0026
       61       relx         -1164.470883         0.0075         0.0065         0.0020        -0.0296         0.0014
       62       relx         -1164.470994         0.0070         0.0066         0.0013        -0.0296         0.0018
       63       relx         -1164.470982         0.0068         0.0061         0.0016        -0.0296         0.0014
       64       relx         -1164.470988         0.0067         0.0060         0.0016        -0.0296         0.0015
       65       relx         -1164.471019         0.0064         0.0057         0.0016        -0.0296         0.0014
       66       relx         -1164.471063         0.0056         0.0049         0.0015        -0.0296         0.0012
       67       relx         -1164.471112         0.0048         0.0042         0.0013        -0.0296         0.0011
       68       relx         -1164.471162         0.0039         0.0032         0.0012        -0.0296         0.0009
       69       relx         -1164.471205         0.0031         0.0025         0.0009        -0.0296         0.0007
       70       relx         -1164.471239         0.0026         0.0022         0.0007        -0.0296         0.0006
     --------------------------------------------------
         *** ARTn found adjacent minimum ***   
     --------------------------------------------------
               backward E_act =     0.61141 eV
     --------------------------------------------------
       71       eign         -1164.426293         0.0031         0.0031         0.0002        -0.0296         0.0009
       72       eign         -1164.429979         0.0151         0.0106        -0.0058        -0.0296         0.0025
       73       relx         -1164.437942         0.0331         0.0273        -0.0101        -0.0296         0.0072
       74       relx         -1164.450713         0.0400         0.0355        -0.0099        -0.0296         0.0110
       75       relx         -1164.461002         0.0347         0.0340        -0.0036        -0.0296         0.0116
       76       relx         -1164.465394         0.0288         0.0272         0.0049        -0.0296         0.0094
       77       relx         -1164.464444         0.0285         0.0285        -0.0008        -0.0296         0.0105
       78       relx         -1164.464539         0.0282         0.0281        -0.0008        -0.0296         0.0104
       79       relx         -1164.465046         0.0264         0.0263        -0.0009        -0.0296         0.0098
       80       relx         -1164.465794         0.0237         0.0236        -0.0011        -0.0296         0.0090
       81       relx         -1164.466678         0.0204         0.0202        -0.0014        -0.0296         0.0078
       82       relx         -1164.467594         0.0175         0.0172        -0.0017        -0.0296         0.0065
       83       relx         -1164.468421         0.0150         0.0145        -0.0019        -0.0296         0.0051
       84       relx         -1164.469216         0.0127         0.0121        -0.0021        -0.0296         0.0037
       85       relx         -1164.469865         0.0107         0.0099        -0.0022        -0.0296         0.0024
       86       relx         -1164.470316         0.0085         0.0076        -0.0020        -0.0296         0.0018
       87       relx         -1164.470562         0.0067         0.0060        -0.0017        -0.0296         0.0014
       88       relx         -1164.470637         0.0065         0.0062        -0.0011        -0.0296         0.0017
       89       relx         -1164.470639         0.0062         0.0056        -0.0014        -0.0296         0.0014
       90       relx         -1164.470663         0.0058         0.0052        -0.0013        -0.0296         0.0013
       91       relx         -1164.470699         0.0052         0.0046        -0.0013        -0.0296         0.0012
       92       relx         -1164.470742         0.0045         0.0039        -0.0012        -0.0296         0.0010
       93       relx         -1164.470786         0.0038         0.0032        -0.0011        -0.0296         0.0008
       94       relx         -1164.470813         0.0031         0.0026        -0.0009        -0.0296         0.0006
       95       relx         -1164.470847         0.0026         0.0022        -0.0007        -0.0296         0.0004
     --------------------------------------------------
         *** ARTn converged to initial minimum ***   
     --------------------------------------------------
               forward  E_act =     0.60608 eV
               backward E_act =     0.61141 eV
               reaction dE    =     0.00533 eV
               dEinit - dEfinal    =     0.00492 eV
     --------------------------------------------------
