     --------------------------------------------------
     |       _____                _____ _______       |
     |      /  _  |         /\   |  __ \__   __|      |
     |      | (_) |  ___   /  \  | |__) | | |         |
     |      |  ___/ |___| / /\ \ |  _  /  | |         |
     |      | |          / ____ \| | \ \  | |         |
     |      |_|         /_/    \_\_|  \_\ |_|         |
     |                                    ARTn plugin |
     --------------------------------------------------
      
                    INPUT PARAMETERS                   
     --------------------------------------------------
     engine_units: qe
     Verbosity Level:  0
     --------------------------------------------------
     Simulation Parameters:
     --------------------------------------------------
             * Iterators Parameter: 
               ninit           =      2
               nperp           =      4      8     12     16     -1
               neigen          =      1
               nsmooth         =      0
             * Threshold Parameter: 
               converge_property = maxval
               init_forc_thr     =  0.010  Ry/a.u.
               forc_thr          =  0.001  Ry/a.u.
               fpara_thr         =  0.005  Ry/a.u.
               eigval_thr        = -0.010  Ry/a.u.**2
               frelax_ene_thr    =  0.000  Ry
             * Step size Parameter: 
               push_step_size  =   0.30  a.u.
               eigen_step_size =   0.20  a.u.
               push_over       =  1.000  fraction of eigen_step_size
               push_mode       =   list
     --------------------------------------------------
     Lanczos algorithm:
     --------------------------------------------------
               lanczos_max_size   =      9
               lanczos_disp           =  0.5000E-02  a.u.
               lanczos_eval_conv_thr   =  0.1000E-01
     --------------------------------------------------



     |> ARTn research : 1 0
     --------------------------------------------------
     istep    ART_step    Etot     init/eign/perp/lanc/relx     Ftot       Fperp      Fpara     eigval      delr  npart evalf  a1
                           [Ry]                               -----------[Ry/a.u.]-----------  [Ry/a.u.**2]   [a.u.]
        0   Bstep void    0.0000     0    0    0    0    0     0.0001     0.0000     0.0001     0.0000     0.0000     0     1   0.00
        1   Bstep/init    0.0057     1    0    4    0    0     0.0333     0.0111     0.0333     0.0000     0.3253     1     6   0.00
        2   Bstep/init    0.0144     2    0    4    0    0     0.0225     0.0075     0.0225     0.0000     0.6303     4    11   0.00
        3   Sstep/eign    0.0164     2    1    1    8    0     0.0048     0.0037     0.0038    -0.1065     0.7906     4    21   0.01
        4   Sstep/eign    0.0165     2    1    3    6    0     0.0006     0.0006     0.0004    -0.1455     0.7569     4    31   0.98
     --------------------------------------------------
     |> ARTn found a potential saddle point | E_saddle - E_initial =     0.01649 Ry
     |> Stored in Configuration Files: * Start: initp.xsf | sad0001.xsf
     --------------------------------------------------
     |> DEBRIEF(SADDLE) | dE=      0.01649 Ry | F_{tot,para,perp}=      0.00057      0.00036      0.00057 Ry/a.u. | EigenVal=     -0.14551 Ry/a.u.**2 | npart=   4.  | delr=      0.75689 a.u. | evalf=   31. |
     --------------------------------------------------
            *** Pushing forward to a minimum  ***      
     -------------------------------------------------
     |> number of steps: 30
        4   Rstep relx    0.0003     2    1    4    0    5     0.0118     0.0118     0.0118    -0.1455     0.0000     0    37   0.98
        4   Rstep relx    0.0000     2    1    4    0   10     0.0034     0.0034     0.0017    -0.1455     0.0000     0    42   0.98
        4   Rstep relx    0.0000     2    1    4    0   15     0.0028     0.0028     0.0011    -0.1455     0.0000     0    47   0.98
        4   Rstep relx    0.0000     2    1    4    0   20     0.0013     0.0013     0.0004    -0.1455     0.0000     0    52   0.98
        4   Rstep/relx    0.0000     2    1    0    0   21     0.0009     0.0009     0.0008    -0.1455     1.3307     4    53   0.98
     --------------------------------------------------
     |> ARTn converged to a forward minimum | backward E_act =     0.01648 Ry
     --------------------------------------------------
     |> number of steps: 52
     |> DEBRIEF(RELX+1) | dE=      0.00001 Ry | F_{tot,para,perp}=      0.00093      0.00084      0.00093 Ry/a.u. | EigenVal=     -0.14551 Ry/a.u.**2 | npart=   4.  | delr=      1.33068 a.u. | evalf=   53. |
     --------------------------------------------------
        4   Sstep relx    0.0165     2    1    4    0    0     0.0006     0.0006     0.0003    -0.1455     0.0000     0    54   0.98
        4   Rstep relx    0.0003     2    1    4    0    5     0.0130     0.0122     0.0131    -0.1455     0.0000     0    60   0.98
        4   Rstep relx    0.0000     2    1    4    0   10     0.0034     0.0034     0.0025    -0.1455     0.0000     0    65   0.98
        4   Rstep relx    0.0000     2    1    4    0   15     0.0028     0.0028     0.0019    -0.1455     0.0000     0    70   0.98
        4   Rstep relx    0.0000     2    1    4    0   20     0.0013     0.0013     0.0001    -0.1455     0.0000     0    75   0.98
        4   Rstep/relx    0.0000     2    1    0    0   21     0.0005     0.0005     0.0005    -0.1455     0.3502     4    76   0.98
     --------------------------------------------------
         *** ARTn converged to a backward minimum ***   
     --------------------------------------------------
               forward  E_act =     0.01648 Ry
               backward E_act =     0.01648 Ry
               reaction dE    =    -0.00000 Ry
               dEinit - dEfinal    =    -0.00001 Ry
     --------------------------------------------------
     |> Configuration Files: * Start: initp.xsf | sad0001.xsf | min0001.xsf | min0002.xsf
     --------------------------------------------------
     |> DEBRIEF(RELX-1) | dE=      0.00001 Ry | F_{tot,para,perp}=      0.00049      0.00046      0.00049 Ry/a.u. | EigenVal=     -0.14551 Ry/a.u.**2 | npart=   4.  | delr=      0.35020 a.u. | evalf=   76. |
     --------------------------------------------------
     |> BLOCK FINALIZE..
     |> number of steps: 75
     |> Initial Configuration loaded...
     !> CLEANING ARTn | Fail: 0
     --------------------------------------------------


